<?xml version="1.0" encoding="UTF-8"?>
<!-- Generated by org.testng.reporters.JUnitXMLReporter -->
<testsuite ignored="0" hostname="PreethamGowda" failures="2" tests="7" name="Test" time="113.362" errors="0" timestamp="2022-11-09T12:14:48 IST">
  <testcase classname="vTiger.Organizations.CreateMultipleOrganizastionWithIndustryTest" name="createMultipleOrgTest" time="9.1"/>
  <testcase classname="vTiger.Organizations.CreateMultipleOrganizastionWithIndustryTest" name="createMultipleOrgTest" time="15.867">
    <failure type="org.openqa.selenium.NoSuchElementException" message="Cannot locate option with text: Engergy
For documentation on this error, please visit: https://selenium.dev/exceptions/#no_such_element
Build info: version: &amp;apos;4.2.1&amp;apos;, revision: &amp;apos;ac4d0fdd4a&amp;apos;
System info: host: &amp;apos;PREETHAMGOWDA&amp;apos;, ip: &amp;apos;192.168.89.1&amp;apos;, os.name: &amp;apos;Windows 11&amp;apos;, os.arch: &amp;apos;amd64&amp;apos;, os.version: &amp;apos;10.0&amp;apos;, java.version: &amp;apos;18.0.1&amp;apos;
Driver info: driver.version: unknown">
      <![CDATA[org.openqa.selenium.NoSuchElementException: Cannot locate option with text: Engergy
For documentation on this error, please visit: https://selenium.dev/exceptions/#no_such_element
Build info: version: '4.2.1', revision: 'ac4d0fdd4a'
System info: host: 'PREETHAMGOWDA', ip: '192.168.89.1', os.name: 'Windows 11', os.arch: 'amd64', os.version: '10.0', java.version: '18.0.1'
Driver info: driver.version: unknown
at org.openqa.selenium.support.ui.Select.selectByVisibleText(Select.java:151)
at vTiger.GenericLibrary.WebDriverLibrary.handleDropDown(WebDriverLibrary.java:124)
at vTiger.ObjectRepository.CreateNewOrganizationPage.createNewOrganization(CreateNewOrganizationPage.java:56)
at vTiger.Organizations.CreateMultipleOrganizastionWithIndustryTest.createMultipleOrgTest(CreateMultipleOrganizastionWithIndustryTest.java:31)
at java.base/java.util.ArrayList.forEach(ArrayList.java:1511)
at java.base/java.util.concurrent.FutureTask.run(FutureTask.java:264)
at java.base/java.util.concurrent.ThreadPoolExecutor.runWorker(ThreadPoolExecutor.java:1136)
at java.base/java.util.concurrent.ThreadPoolExecutor$Worker.run(ThreadPoolExecutor.java:635)
at java.base/java.lang.Thread.run(Thread.java:833)
... Removed 16 stack frames]]>
    </failure>
  </testcase> <!-- createMultipleOrgTest -->
  <testcase classname="vTiger.Organizations.CreateMultipleOrganizastionWithIndustryTest" name="createMultipleOrgTest" time="9.805"/>
  <testcase classname="vTiger.Organizations.CreateMultipleOrganizastionWithIndustryTest" name="createMultipleOrgTest" time="10.876"/>
  <testcase classname="vTiger.Organizations.CreateMultipleOrganizastionWithIndustryTest" name="createMultipleOrgTest" time="10.367"/>
  <testcase classname="vTiger.Organizations.CreateMultipleOrganizastionWithIndustryTest" name="createMultipleOrgTest" time="9.742"/>
  <testcase classname="vTiger.Organizations.CreateMultipleOrganizastionWithIndustryTest" name="createMultipleOrgTest" time="16.567">
    <failure type="org.openqa.selenium.NoSuchElementException" message="Cannot locate option with text: Finanse
For documentation on this error, please visit: https://selenium.dev/exceptions/#no_such_element
Build info: version: &amp;apos;4.2.1&amp;apos;, revision: &amp;apos;ac4d0fdd4a&amp;apos;
System info: host: &amp;apos;PREETHAMGOWDA&amp;apos;, ip: &amp;apos;192.168.89.1&amp;apos;, os.name: &amp;apos;Windows 11&amp;apos;, os.arch: &amp;apos;amd64&amp;apos;, os.version: &amp;apos;10.0&amp;apos;, java.version: &amp;apos;18.0.1&amp;apos;
Driver info: driver.version: unknown">
      <![CDATA[org.openqa.selenium.NoSuchElementException: Cannot locate option with text: Finanse
For documentation on this error, please visit: https://selenium.dev/exceptions/#no_such_element
Build info: version: '4.2.1', revision: 'ac4d0fdd4a'
System info: host: 'PREETHAMGOWDA', ip: '192.168.89.1', os.name: 'Windows 11', os.arch: 'amd64', os.version: '10.0', java.version: '18.0.1'
Driver info: driver.version: unknown
at org.openqa.selenium.support.ui.Select.selectByVisibleText(Select.java:151)
at vTiger.GenericLibrary.WebDriverLibrary.handleDropDown(WebDriverLibrary.java:124)
at vTiger.ObjectRepository.CreateNewOrganizationPage.createNewOrganization(CreateNewOrganizationPage.java:56)
at vTiger.Organizations.CreateMultipleOrganizastionWithIndustryTest.createMultipleOrgTest(CreateMultipleOrganizastionWithIndustryTest.java:31)
at java.base/java.util.ArrayList.forEach(ArrayList.java:1511)
at java.base/java.util.concurrent.FutureTask.run(FutureTask.java:264)
at java.base/java.util.concurrent.ThreadPoolExecutor.runWorker(ThreadPoolExecutor.java:1136)
at java.base/java.util.concurrent.ThreadPoolExecutor$Worker.run(ThreadPoolExecutor.java:635)
at java.base/java.lang.Thread.run(Thread.java:833)
... Removed 16 stack frames]]>
    </failure>
  </testcase> <!-- createMultipleOrgTest -->
</testsuite> <!-- Test -->
